<?xml version="1.0" encoding="UTF-8"?>
<!-- Generated by org.testng.reporters.JUnitReportReporter -->
<testsuite skipped="0" hostname="SAMLP17080055" name="Jen.ks.TT" tests="1" failures="0" timestamp="20 Nov 2019 11:29:38 GMT" time="9.700" errors="0">
  <testcase name="tte" time="9.700" classname="Jen.ks.TT"/>
</testsuite> <!-- Jen.ks.TT -->
