<?xml version="1.0" encoding="UTF-8"?>
<!-- Generated by org.testng.reporters.JUnitReportReporter -->
<testsuite skipped="0" hostname="SAMLP17080055" name="Jen.ks.TTK" tests="1" failures="0" timestamp="20 Nov 2019 11:29:38 GMT" time="11.165" errors="0">
  <testcase name="ttes" time="11.165" classname="Jen.ks.TTK"/>
</testsuite> <!-- Jen.ks.TTK -->
